Detecting CXX compiler ABI info failed to compile with the following output:
Change Dir: /home/ssv/code/Screen/build/CMakeFiles/CMakeTmp

Run Build Command(s):/home/ssv/.espressif/tools/ninja/1.11.1/ninja cmTC_d4abd && [1/2] Building CXX object CMakeFiles/cmTC_d4abd.dir/CMakeCXXCompilerABI.cpp.o
Using built-in specs.
COLLECT_GCC=/usr/bin/x86_64-w64-mingw32-g++
Target: x86_64-w64-mingw32
Configured with: ../../src/configure --build=x86_64-linux-gnu --prefix=/usr --includedir='/usr/include' --mandir='/usr/share/man' --infodir='/usr/share/info' --sysconfdir=/etc --localstatedir=/var --disable-option-checking --disable-silent-rules --libdir='/usr/lib/x86_64-linux-gnu' --libexecdir='/usr/lib/x86_64-linux-gnu' --disable-maintainer-mode --disable-dependency-tracking --prefix=/usr --enable-shared --enable-static --disable-multilib --with-system-zlib --libexecdir=/usr/lib --without-included-gettext --libdir=/usr/lib --enable-libstdcxx-time=yes --with-tune=generic --with-headers --enable-version-specific-runtime-libs --enable-fully-dynamic-string --enable-libgomp --enable-languages=c,c++,fortran,objc,obj-c++,ada --enable-lto --enable-threads=win32 --program-suffix=-win32 --program-prefix=x86_64-w64-mingw32- --target=x86_64-w64-mingw32 --with-as=/usr/bin/x86_64-w64-mingw32-as --with-ld=/usr/bin/x86_64-w64-mingw32-ld --enable-libatomic --enable-libstdcxx-filesystem-ts=yes --enable-dependency-tracking SED=/bin/sed
Thread model: win32
Supported LTO compression algorithms: zlib zstd
gcc version 13-win32 (GCC) 
COLLECT_GCC_OPTIONS='-v' '-o' 'CMakeFiles/cmTC_d4abd.dir/CMakeCXXCompilerABI.cpp.o' '-c' '-shared-libgcc' '-mtune=generic' '-march=x86-64' '-dumpdir' 'CMakeFiles/cmTC_d4abd.dir/'
 /usr/lib/gcc/x86_64-w64-mingw32/13-win32/cc1plus -quiet -v -U_REENTRANT /home/ssv/.espressif/tools/cmake/3.24.0/share/cmake-3.24/Modules/CMakeCXXCompilerABI.cpp -quiet -dumpdir CMakeFiles/cmTC_d4abd.dir/ -dumpbase CMakeCXXCompilerABI.cpp.cpp -dumpbase-ext .cpp -mtune=generic -march=x86-64 -version -o /tmp/ccjOvQH1.s
GNU C++17 (GCC) version 13-win32 (x86_64-w64-mingw32)
	compiled by GNU C version 13.2.0, GMP version 6.3.0, MPFR version 4.2.1, MPC version 1.3.1, isl version isl-0.26-GMP

GGC heuristics: --param ggc-min-expand=100 --param ggc-min-heapsize=131072
ignoring nonexistent directory "/usr/lib/gcc/x86_64-w64-mingw32/13-win32/../../../../x86_64-w64-mingw32/sys-include"
#include "..." search starts here:
#include <...> search starts here:
 /usr/lib/gcc/x86_64-w64-mingw32/13-win32/include/c++
 /usr/lib/gcc/x86_64-w64-mingw32/13-win32/include/c++/x86_64-w64-mingw32
 /usr/lib/gcc/x86_64-w64-mingw32/13-win32/include/c++/backward
 /usr/lib/gcc/x86_64-w64-mingw32/13-win32/include
 /usr/lib/gcc/x86_64-w64-mingw32/13-win32/include-fixed
 /usr/lib/gcc/x86_64-w64-mingw32/13-win32/../../../../x86_64-w64-mingw32/include
End of search list.
Compiler executable checksum: d9aa912102515005505aa1bbf0e5f800
COLLECT_GCC_OPTIONS='-v' '-o' 'CMakeFiles/cmTC_d4abd.dir/CMakeCXXCompilerABI.cpp.o' '-c' '-shared-libgcc' '-mtune=generic' '-march=x86-64' '-dumpdir' 'CMakeFiles/cmTC_d4abd.dir/'
 /usr/bin/x86_64-w64-mingw32-as -v -o CMakeFiles/cmTC_d4abd.dir/CMakeCXXCompilerABI.cpp.o /tmp/ccjOvQH1.s
GNU assembler version 2.41.90 (x86_64-w64-mingw32) using BFD version (GNU Binutils) 2.41.90.20240122
COMPILER_PATH=/usr/lib/gcc/x86_64-w64-mingw32/13-win32/:/usr/lib/gcc/x86_64-w64-mingw32/13-win32/:/usr/lib/gcc/x86_64-w64-mingw32/:/usr/lib/gcc/x86_64-w64-mingw32/13-win32/:/usr/lib/gcc/x86_64-w64-mingw32/:/usr/lib/gcc/x86_64-w64-mingw32/13-win32/../../../../x86_64-w64-mingw32/bin/
LIBRARY_PATH=/usr/lib/gcc/x86_64-w64-mingw32/13-win32/:/usr/lib/gcc/x86_64-w64-mingw32/13-win32/../../../../x86_64-w64-mingw32/lib/
COLLECT_GCC_OPTIONS='-v' '-o' 'CMakeFiles/cmTC_d4abd.dir/CMakeCXXCompilerABI.cpp.o' '-c' '-shared-libgcc' '-mtune=generic' '-march=x86-64' '-dumpdir' 'CMakeFiles/cmTC_d4abd.dir/CMakeCXXCompilerABI.cpp.'
[2/2] Linking CXX executable cmTC_d4abd
Using built-in specs.
COLLECT_GCC=/usr/bin/x86_64-w64-mingw32-g++
COLLECT_LTO_WRAPPER=/usr/lib/gcc/x86_64-w64-mingw32/13-win32/lto-wrapper
Target: x86_64-w64-mingw32
Configured with: ../../src/configure --build=x86_64-linux-gnu --prefix=/usr --includedir='/usr/include' --mandir='/usr/share/man' --infodir='/usr/share/info' --sysconfdir=/etc --localstatedir=/var --disable-option-checking --disable-silent-rules --libdir='/usr/lib/x86_64-linux-gnu' --libexecdir='/usr/lib/x86_64-linux-gnu' --disable-maintainer-mode --disable-dependency-tracking --prefix=/usr --enable-shared --enable-static --disable-multilib --with-system-zlib --libexecdir=/usr/lib --without-included-gettext --libdir=/usr/lib --enable-libstdcxx-time=yes --with-tune=generic --with-headers --enable-version-specific-runtime-libs --enable-fully-dynamic-string --enable-libgomp --enable-languages=c,c++,fortran,objc,obj-c++,ada --enable-lto --enable-threads=win32 --program-suffix=-win32 --program-prefix=x86_64-w64-mingw32- --target=x86_64-w64-mingw32 --with-as=/usr/bin/x86_64-w64-mingw32-as --with-ld=/usr/bin/x86_64-w64-mingw32-ld --enable-libatomic --enable-libstdcxx-filesystem-ts=yes --enable-dependency-tracking SED=/bin/sed
Thread model: win32
Supported LTO compression algorithms: zlib zstd
gcc version 13-win32 (GCC) 
COMPILER_PATH=/usr/lib/gcc/x86_64-w64-mingw32/13-win32/:/usr/lib/gcc/x86_64-w64-mingw32/13-win32/:/usr/lib/gcc/x86_64-w64-mingw32/:/usr/lib/gcc/x86_64-w64-mingw32/13-win32/:/usr/lib/gcc/x86_64-w64-mingw32/:/usr/lib/gcc/x86_64-w64-mingw32/13-win32/../../../../x86_64-w64-mingw32/bin/
LIBRARY_PATH=/usr/lib/gcc/x86_64-w64-mingw32/13-win32/:/usr/lib/gcc/x86_64-w64-mingw32/13-win32/../../../../x86_64-w64-mingw32/lib/
COLLECT_GCC_OPTIONS='-v' '-o' 'cmTC_d4abd.exe' '-shared-libgcc' '-mtune=generic' '-march=x86-64' '-dumpdir' 'cmTC_d4abd.'
 /usr/lib/gcc/x86_64-w64-mingw32/13-win32/collect2 -plugin /usr/lib/gcc/x86_64-w64-mingw32/13-win32/liblto_plugin.so -plugin-opt=/usr/lib/gcc/x86_64-w64-mingw32/13-win32/lto-wrapper -plugin-opt=-fresolution=/tmp/cch87mRY.res -plugin-opt=-pass-through=-lmingw32 -plugin-opt=-pass-through=-lgcc_s -plugin-opt=-pass-through=-lgcc -plugin-opt=-pass-through=-lmoldname -plugin-opt=-pass-through=-lmingwex -plugin-opt=-pass-through=-lmsvcrt -plugin-opt=-pass-through=-lkernel32 -plugin-opt=-pass-through=-ladvapi32 -plugin-opt=-pass-through=-lshell32 -plugin-opt=-pass-through=-luser32 -plugin-opt=-pass-through=-lkernel32 -plugin-opt=-pass-through=-lmingw32 -plugin-opt=-pass-through=-lgcc_s -plugin-opt=-pass-through=-lgcc -plugin-opt=-pass-through=-lmoldname -plugin-opt=-pass-through=-lmingwex -plugin-opt=-pass-through=-lmsvcrt -plugin-opt=-pass-through=-lkernel32 -m i386pep -Bdynamic -o cmTC_d4abd.exe /usr/lib/gcc/x86_64-w64-mingw32/13-win32/../../../../x86_64-w64-mingw32/lib/crt2.o /usr/lib/gcc/x86_64-w64-mingw32/13-win32/crtbegin.o -L/usr/lib/gcc/x86_64-w64-mingw32/13-win32 -L/usr/lib/gcc/x86_64-w64-mingw32/13-win32/../../../../x86_64-w64-mingw32/lib CMakeFiles/cmTC_d4abd.dir/CMakeCXXCompilerABI.cpp.o -lstdc++ -lmingw32 -lgcc_s -lgcc -lmoldname -lmingwex -lmsvcrt -lkernel32 -ladvapi32 -lshell32 -luser32 -lkernel32 -lmingw32 -lgcc_s -lgcc -lmoldname -lmingwex -lmsvcrt -lkernel32 /usr/lib/gcc/x86_64-w64-mingw32/13-win32/crtend.o
COLLECT_GCC_OPTIONS='-v' '-o' 'cmTC_d4abd.exe' '-shared-libgcc' '-mtune=generic' '-march=x86-64' '-dumpdir' 'cmTC_d4abd.'


Cannot copy output executable
  ''
to destination specified by COPY_FILE:
  '/home/ssv/code/Screen/build/CMakeFiles/3.24.0/CMakeDetermineCompilerABI_CXX.bin'
Unable to find the executable at any of:
  /home/ssv/code/Screen/build/CMakeFiles/CMakeTmp/cmTC_d4abd
  /home/ssv/code/Screen/build/CMakeFiles/CMakeTmp/Debug/cmTC_d4abd
  /home/ssv/code/Screen/build/CMakeFiles/CMakeTmp/Development/cmTC_d4abd


